#! /usr/bin/vvp
:ivl_version "11.0 (stable)";
:ivl_delay_selection "TYPICAL";
:vpi_time_precision - 12;
:vpi_module "/usr/lib/x86_64-linux-gnu/ivl/system.vpi";
:vpi_module "/usr/lib/x86_64-linux-gnu/ivl/vhdl_sys.vpi";
:vpi_module "/usr/lib/x86_64-linux-gnu/ivl/vhdl_textio.vpi";
:vpi_module "/usr/lib/x86_64-linux-gnu/ivl/v2005_math.vpi";
:vpi_module "/usr/lib/x86_64-linux-gnu/ivl/va_math.vpi";
S_0x558ea7b38cf0 .scope module, "Sumador4_tb" "Sumador4_tb" 2 4;
 .timescale -12 -12;
v0x558ea7b9cfd0_0 .var "A_tb", 3 0;
v0x558ea7b9d0b0_0 .var "B_tb", 3 0;
v0x558ea7b9d150_0 .var "Ci_tb", 0 0;
S_0x558ea7b38e80 .scope begin, "TEST_CASE" "TEST_CASE" 2 83, 2 83 0, S_0x558ea7b38cf0;
 .timescale -12 -12;
S_0x558ea7b73130 .scope module, "uut" "sum4b" 2 10, 3 3 0, S_0x558ea7b38cf0;
 .timescale 0 0;
    .port_info 0 /INPUT 4 "A";
    .port_info 1 /INPUT 4 "B";
    .port_info 2 /INPUT 1 "Ci";
    .port_info 3 /OUTPUT 4 "S";
    .port_info 4 /OUTPUT 1 "Co";
v0x558ea7b9c870_0 .net "A", 3 0, v0x558ea7b9cfd0_0;  1 drivers
v0x558ea7b9c970_0 .net "B", 3 0, v0x558ea7b9d0b0_0;  1 drivers
v0x558ea7b9ca50_0 .net "C1", 0 0, L_0x558ea7b9d5e0;  1 drivers
v0x558ea7b9cb40_0 .net "C2", 0 0, L_0x558ea7b9db60;  1 drivers
v0x558ea7b9cc30_0 .net "C3", 0 0, L_0x558ea7b9e100;  1 drivers
v0x558ea7b9cd70_0 .net "Ci", 0 0, v0x558ea7b9d150_0;  1 drivers
v0x558ea7b9ce10_0 .net "Co", 0 0, L_0x558ea7b9e730;  1 drivers
v0x558ea7b9ceb0_0 .net "S", 3 0, L_0x558ea7b9e9d0;  1 drivers
L_0x558ea7b9d6a0 .part v0x558ea7b9cfd0_0, 0, 1;
L_0x558ea7b9d790 .part v0x558ea7b9d0b0_0, 0, 1;
L_0x558ea7b9dc20 .part v0x558ea7b9cfd0_0, 1, 1;
L_0x558ea7b9dcc0 .part v0x558ea7b9d0b0_0, 1, 1;
L_0x558ea7b9e1c0 .part v0x558ea7b9cfd0_0, 2, 1;
L_0x558ea7b9e2f0 .part v0x558ea7b9d0b0_0, 2, 1;
L_0x558ea7b9e840 .part v0x558ea7b9cfd0_0, 3, 1;
L_0x558ea7b9e8e0 .part v0x558ea7b9d0b0_0, 3, 1;
L_0x558ea7b9e9d0 .concat8 [ 1 1 1 1], L_0x558ea7b9d540, L_0x558ea7b9dac0, L_0x558ea7b9e060, L_0x558ea7b9e690;
S_0x558ea7b73310 .scope module, "sum0" "sum1b" 3 13, 4 1 0, S_0x558ea7b73130;
 .timescale 0 0;
    .port_info 0 /INPUT 1 "a";
    .port_info 1 /INPUT 1 "b";
    .port_info 2 /INPUT 1 "ci";
    .port_info 3 /OUTPUT 1 "s";
    .port_info 4 /OUTPUT 1 "co";
L_0x558ea7b9d270 .functor XOR 1, L_0x558ea7b9d6a0, L_0x558ea7b9d790, C4<0>, C4<0>;
L_0x558ea7b9d340 .functor AND 1, L_0x558ea7b9d6a0, L_0x558ea7b9d790, C4<1>, C4<1>;
L_0x558ea7b9d480 .functor AND 1, L_0x558ea7b9d270, v0x558ea7b9d150_0, C4<1>, C4<1>;
L_0x558ea7b9d540 .functor XOR 1, L_0x558ea7b9d270, v0x558ea7b9d150_0, C4<0>, C4<0>;
L_0x558ea7b9d5e0 .functor OR 1, L_0x558ea7b9d340, L_0x558ea7b9d480, C4<0>, C4<0>;
v0x558ea7b69100_0 .net "A1", 0 0, L_0x558ea7b9d340;  1 drivers
v0x558ea7b6bca0_0 .net "A2", 0 0, L_0x558ea7b9d480;  1 drivers
v0x558ea7b69b60_0 .net "X1", 0 0, L_0x558ea7b9d270;  1 drivers
v0x558ea7b67a20_0 .net "a", 0 0, L_0x558ea7b9d6a0;  1 drivers
v0x558ea7b658b0_0 .net "b", 0 0, L_0x558ea7b9d790;  1 drivers
v0x558ea7b9ab10_0 .net "ci", 0 0, v0x558ea7b9d150_0;  alias, 1 drivers
v0x558ea7b9abd0_0 .net "co", 0 0, L_0x558ea7b9d5e0;  alias, 1 drivers
v0x558ea7b9ac90_0 .net "s", 0 0, L_0x558ea7b9d540;  1 drivers
S_0x558ea7b9adf0 .scope module, "sum1" "sum1b" 3 14, 4 1 0, S_0x558ea7b73130;
 .timescale 0 0;
    .port_info 0 /INPUT 1 "a";
    .port_info 1 /INPUT 1 "b";
    .port_info 2 /INPUT 1 "ci";
    .port_info 3 /OUTPUT 1 "s";
    .port_info 4 /OUTPUT 1 "co";
L_0x558ea7b9d880 .functor XOR 1, L_0x558ea7b9dc20, L_0x558ea7b9dcc0, C4<0>, C4<0>;
L_0x558ea7b9d8f0 .functor AND 1, L_0x558ea7b9dc20, L_0x558ea7b9dcc0, C4<1>, C4<1>;
L_0x558ea7b9da00 .functor AND 1, L_0x558ea7b9d880, L_0x558ea7b9d5e0, C4<1>, C4<1>;
L_0x558ea7b9dac0 .functor XOR 1, L_0x558ea7b9d880, L_0x558ea7b9d5e0, C4<0>, C4<0>;
L_0x558ea7b9db60 .functor OR 1, L_0x558ea7b9d8f0, L_0x558ea7b9da00, C4<0>, C4<0>;
v0x558ea7b9aff0_0 .net "A1", 0 0, L_0x558ea7b9d8f0;  1 drivers
v0x558ea7b9b0b0_0 .net "A2", 0 0, L_0x558ea7b9da00;  1 drivers
v0x558ea7b9b170_0 .net "X1", 0 0, L_0x558ea7b9d880;  1 drivers
v0x558ea7b9b210_0 .net "a", 0 0, L_0x558ea7b9dc20;  1 drivers
v0x558ea7b9b2d0_0 .net "b", 0 0, L_0x558ea7b9dcc0;  1 drivers
v0x558ea7b9b3e0_0 .net "ci", 0 0, L_0x558ea7b9d5e0;  alias, 1 drivers
v0x558ea7b9b480_0 .net "co", 0 0, L_0x558ea7b9db60;  alias, 1 drivers
v0x558ea7b9b520_0 .net "s", 0 0, L_0x558ea7b9dac0;  1 drivers
S_0x558ea7b9b680 .scope module, "sum2" "sum1b" 3 15, 4 1 0, S_0x558ea7b73130;
 .timescale 0 0;
    .port_info 0 /INPUT 1 "a";
    .port_info 1 /INPUT 1 "b";
    .port_info 2 /INPUT 1 "ci";
    .port_info 3 /OUTPUT 1 "s";
    .port_info 4 /OUTPUT 1 "co";
L_0x558ea7b9dd90 .functor XOR 1, L_0x558ea7b9e1c0, L_0x558ea7b9e2f0, C4<0>, C4<0>;
L_0x558ea7b9de00 .functor AND 1, L_0x558ea7b9e1c0, L_0x558ea7b9e2f0, C4<1>, C4<1>;
L_0x558ea7b9df10 .functor AND 1, L_0x558ea7b9dd90, L_0x558ea7b9db60, C4<1>, C4<1>;
L_0x558ea7b9e060 .functor XOR 1, L_0x558ea7b9dd90, L_0x558ea7b9db60, C4<0>, C4<0>;
L_0x558ea7b9e100 .functor OR 1, L_0x558ea7b9de00, L_0x558ea7b9df10, C4<0>, C4<0>;
v0x558ea7b9b890_0 .net "A1", 0 0, L_0x558ea7b9de00;  1 drivers
v0x558ea7b9b950_0 .net "A2", 0 0, L_0x558ea7b9df10;  1 drivers
v0x558ea7b9ba10_0 .net "X1", 0 0, L_0x558ea7b9dd90;  1 drivers
v0x558ea7b9bae0_0 .net "a", 0 0, L_0x558ea7b9e1c0;  1 drivers
v0x558ea7b9bba0_0 .net "b", 0 0, L_0x558ea7b9e2f0;  1 drivers
v0x558ea7b9bcb0_0 .net "ci", 0 0, L_0x558ea7b9db60;  alias, 1 drivers
v0x558ea7b9bd50_0 .net "co", 0 0, L_0x558ea7b9e100;  alias, 1 drivers
v0x558ea7b9bdf0_0 .net "s", 0 0, L_0x558ea7b9e060;  1 drivers
S_0x558ea7b9bf80 .scope module, "sum3" "sum1b" 3 16, 4 1 0, S_0x558ea7b73130;
 .timescale 0 0;
    .port_info 0 /INPUT 1 "a";
    .port_info 1 /INPUT 1 "b";
    .port_info 2 /INPUT 1 "ci";
    .port_info 3 /OUTPUT 1 "s";
    .port_info 4 /OUTPUT 1 "co";
L_0x558ea7b9e460 .functor XOR 1, L_0x558ea7b9e840, L_0x558ea7b9e8e0, C4<0>, C4<0>;
L_0x558ea7b9e4d0 .functor AND 1, L_0x558ea7b9e840, L_0x558ea7b9e8e0, C4<1>, C4<1>;
L_0x558ea7b9e540 .functor AND 1, L_0x558ea7b9e460, L_0x558ea7b9e100, C4<1>, C4<1>;
L_0x558ea7b9e690 .functor XOR 1, L_0x558ea7b9e460, L_0x558ea7b9e100, C4<0>, C4<0>;
L_0x558ea7b9e730 .functor OR 1, L_0x558ea7b9e4d0, L_0x558ea7b9e540, C4<0>, C4<0>;
v0x558ea7b9c160_0 .net "A1", 0 0, L_0x558ea7b9e4d0;  1 drivers
v0x558ea7b9c240_0 .net "A2", 0 0, L_0x558ea7b9e540;  1 drivers
v0x558ea7b9c300_0 .net "X1", 0 0, L_0x558ea7b9e460;  1 drivers
v0x558ea7b9c3d0_0 .net "a", 0 0, L_0x558ea7b9e840;  1 drivers
v0x558ea7b9c490_0 .net "b", 0 0, L_0x558ea7b9e8e0;  1 drivers
v0x558ea7b9c5a0_0 .net "ci", 0 0, L_0x558ea7b9e100;  alias, 1 drivers
v0x558ea7b9c640_0 .net "co", 0 0, L_0x558ea7b9e730;  alias, 1 drivers
v0x558ea7b9c6e0_0 .net "s", 0 0, L_0x558ea7b9e690;  1 drivers
    .scope S_0x558ea7b38cf0;
T_0 ;
    %pushi/vec4 0, 0, 4;
    %store/vec4 v0x558ea7b9cfd0_0, 0, 4;
    %pushi/vec4 0, 0, 4;
    %store/vec4 v0x558ea7b9d0b0_0, 0, 4;
    %pushi/vec4 0, 0, 1;
    %store/vec4 v0x558ea7b9d150_0, 0, 1;
    %delay 1, 0;
    %pushi/vec4 1, 0, 4;
    %store/vec4 v0x558ea7b9cfd0_0, 0, 4;
    %pushi/vec4 1, 0, 4;
    %store/vec4 v0x558ea7b9d0b0_0, 0, 4;
    %pushi/vec4 0, 0, 1;
    %store/vec4 v0x558ea7b9d150_0, 0, 1;
    %delay 1, 0;
    %pushi/vec4 2, 0, 4;
    %store/vec4 v0x558ea7b9cfd0_0, 0, 4;
    %pushi/vec4 2, 0, 4;
    %store/vec4 v0x558ea7b9d0b0_0, 0, 4;
    %pushi/vec4 0, 0, 1;
    %store/vec4 v0x558ea7b9d150_0, 0, 1;
    %delay 1, 0;
    %pushi/vec4 3, 0, 4;
    %store/vec4 v0x558ea7b9cfd0_0, 0, 4;
    %pushi/vec4 3, 0, 4;
    %store/vec4 v0x558ea7b9d0b0_0, 0, 4;
    %pushi/vec4 0, 0, 1;
    %store/vec4 v0x558ea7b9d150_0, 0, 1;
    %delay 1, 0;
    %pushi/vec4 4, 0, 4;
    %store/vec4 v0x558ea7b9cfd0_0, 0, 4;
    %pushi/vec4 4, 0, 4;
    %store/vec4 v0x558ea7b9d0b0_0, 0, 4;
    %pushi/vec4 0, 0, 1;
    %store/vec4 v0x558ea7b9d150_0, 0, 1;
    %delay 1, 0;
    %pushi/vec4 5, 0, 4;
    %store/vec4 v0x558ea7b9cfd0_0, 0, 4;
    %pushi/vec4 5, 0, 4;
    %store/vec4 v0x558ea7b9d0b0_0, 0, 4;
    %pushi/vec4 0, 0, 1;
    %store/vec4 v0x558ea7b9d150_0, 0, 1;
    %delay 1, 0;
    %pushi/vec4 6, 0, 4;
    %store/vec4 v0x558ea7b9cfd0_0, 0, 4;
    %pushi/vec4 6, 0, 4;
    %store/vec4 v0x558ea7b9d0b0_0, 0, 4;
    %pushi/vec4 0, 0, 1;
    %store/vec4 v0x558ea7b9d150_0, 0, 1;
    %delay 1, 0;
    %pushi/vec4 7, 0, 4;
    %store/vec4 v0x558ea7b9cfd0_0, 0, 4;
    %pushi/vec4 7, 0, 4;
    %store/vec4 v0x558ea7b9d0b0_0, 0, 4;
    %pushi/vec4 0, 0, 1;
    %store/vec4 v0x558ea7b9d150_0, 0, 1;
    %delay 1, 0;
    %pushi/vec4 8, 0, 4;
    %store/vec4 v0x558ea7b9cfd0_0, 0, 4;
    %pushi/vec4 8, 0, 4;
    %store/vec4 v0x558ea7b9d0b0_0, 0, 4;
    %pushi/vec4 0, 0, 1;
    %store/vec4 v0x558ea7b9d150_0, 0, 1;
    %delay 1, 0;
    %pushi/vec4 9, 0, 4;
    %store/vec4 v0x558ea7b9cfd0_0, 0, 4;
    %pushi/vec4 9, 0, 4;
    %store/vec4 v0x558ea7b9d0b0_0, 0, 4;
    %pushi/vec4 0, 0, 1;
    %store/vec4 v0x558ea7b9d150_0, 0, 1;
    %delay 1, 0;
    %pushi/vec4 10, 0, 4;
    %store/vec4 v0x558ea7b9cfd0_0, 0, 4;
    %pushi/vec4 10, 0, 4;
    %store/vec4 v0x558ea7b9d0b0_0, 0, 4;
    %pushi/vec4 0, 0, 1;
    %store/vec4 v0x558ea7b9d150_0, 0, 1;
    %delay 1, 0;
    %pushi/vec4 11, 0, 4;
    %store/vec4 v0x558ea7b9cfd0_0, 0, 4;
    %pushi/vec4 11, 0, 4;
    %store/vec4 v0x558ea7b9d0b0_0, 0, 4;
    %pushi/vec4 0, 0, 1;
    %store/vec4 v0x558ea7b9d150_0, 0, 1;
    %delay 1, 0;
    %pushi/vec4 12, 0, 4;
    %store/vec4 v0x558ea7b9cfd0_0, 0, 4;
    %pushi/vec4 12, 0, 4;
    %store/vec4 v0x558ea7b9d0b0_0, 0, 4;
    %pushi/vec4 0, 0, 1;
    %store/vec4 v0x558ea7b9d150_0, 0, 1;
    %delay 1, 0;
    %pushi/vec4 13, 0, 4;
    %store/vec4 v0x558ea7b9cfd0_0, 0, 4;
    %pushi/vec4 13, 0, 4;
    %store/vec4 v0x558ea7b9d0b0_0, 0, 4;
    %pushi/vec4 0, 0, 1;
    %store/vec4 v0x558ea7b9d150_0, 0, 1;
    %delay 1, 0;
    %pushi/vec4 14, 0, 4;
    %store/vec4 v0x558ea7b9cfd0_0, 0, 4;
    %pushi/vec4 14, 0, 4;
    %store/vec4 v0x558ea7b9d0b0_0, 0, 4;
    %pushi/vec4 0, 0, 1;
    %store/vec4 v0x558ea7b9d150_0, 0, 1;
    %delay 1, 0;
    %pushi/vec4 15, 0, 4;
    %store/vec4 v0x558ea7b9cfd0_0, 0, 4;
    %pushi/vec4 15, 0, 4;
    %store/vec4 v0x558ea7b9d0b0_0, 0, 4;
    %pushi/vec4 0, 0, 1;
    %store/vec4 v0x558ea7b9d150_0, 0, 1;
    %delay 1, 0;
    %end;
    .thread T_0;
    .scope S_0x558ea7b38cf0;
T_1 ;
    %fork t_1, S_0x558ea7b38e80;
    %jmp t_0;
    .scope S_0x558ea7b38e80;
t_1 ;
    %vpi_call 2 84 "$dumpfile", "Sumador4_tb.vcd" {0 0 0};
    %vpi_call 2 85 "$dumpvars", 32'sb11111111111111111111111111111111, S_0x558ea7b73130 {0 0 0};
    %delay 18, 0;
    %vpi_call 2 87 "$finish" {0 0 0};
    %end;
    .scope S_0x558ea7b38cf0;
t_0 %join;
    %end;
    .thread T_1;
# The file index is used to find the file name in the following table.
:file_names 5;
    "N/A";
    "<interactive>";
    "Sumador4_tb.v";
    "./Sumador4.v";
    "./Sumador.v";
