#! /c/Source/iverilog-install/bin/vvp
:ivl_version "12.0 (devel)" "(s20150603-1110-g18392a46)";
:ivl_delay_selection "TYPICAL";
:vpi_time_precision - 12;
:vpi_module "C:\iverilog\lib\ivl\system.vpi";
:vpi_module "C:\iverilog\lib\ivl\vhdl_sys.vpi";
:vpi_module "C:\iverilog\lib\ivl\vhdl_textio.vpi";
:vpi_module "C:\iverilog\lib\ivl\v2005_math.vpi";
:vpi_module "C:\iverilog\lib\ivl\va_math.vpi";
:vpi_module "C:\iverilog\lib\ivl\v2009.vpi";
S_000001fc76948880 .scope package, "$unit" "$unit" 2 1;
 .timescale 0 0;
S_000001fc76955c70 .scope module, "FA_tb" "FA_tb" 3 4;
 .timescale -12 -12;
v000001fc76953740_0 .var "A", 3 0;
v000001fc76953f60_0 .var "B", 3 0;
v000001fc76953060_0 .var "Ci", 0 0;
v000001fc76953920_0 .net "Co", 0 0, L_000001fc76953560;  1 drivers
v000001fc769534c0_0 .net "Su", 3 0, L_000001fc769537e0;  1 drivers
v000001fc76953ec0_0 .var/i "i", 31 0;
S_000001fc76955e00 .scope begin, "TEST_CASE" "TEST_CASE" 3 31, 3 31 0, S_000001fc76955c70;
 .timescale -12 -12;
S_000001fc76955f90 .scope module, "fa0" "FA" 3 15, 4 1 0, S_000001fc76955c70;
 .timescale 0 0;
    .port_info 0 /INPUT 4 "A";
    .port_info 1 /INPUT 4 "B";
    .port_info 2 /INPUT 1 "Ci";
    .port_info 3 /OUTPUT 1 "Co";
    .port_info 4 /OUTPUT 4 "Su";
v000001fc76923190_0 .net "A", 3 0, v000001fc76953740_0;  1 drivers
v000001fc76922d70_0 .net "B", 3 0, v000001fc76953f60_0;  1 drivers
v000001fc769485a0_0 .net "Ci", 0 0, v000001fc76953060_0;  1 drivers
v000001fc76948640_0 .net "Co", 0 0, L_000001fc76953560;  alias, 1 drivers
v000001fc769527a0_0 .net "Su", 3 0, L_000001fc769537e0;  alias, 1 drivers
L_000001fc769a1070 .functor BUFT 1, C4<0>, C4<0>, C4<0>, C4<0>;
v000001fc76952840_0 .net *"_ivl_10", 0 0, L_000001fc769a1070;  1 drivers
v000001fc769528e0_0 .net *"_ivl_11", 4 0, L_000001fc76953100;  1 drivers
v000001fc76952980_0 .net *"_ivl_13", 4 0, L_000001fc769531a0;  1 drivers
L_000001fc769a10b8 .functor BUFT 1, C4<0000>, C4<0>, C4<0>, C4<0>;
v000001fc76952a20_0 .net *"_ivl_16", 3 0, L_000001fc769a10b8;  1 drivers
v000001fc76952ac0_0 .net *"_ivl_17", 4 0, L_000001fc76953600;  1 drivers
v000001fc76952f70_0 .net *"_ivl_3", 4 0, L_000001fc76953c40;  1 drivers
L_000001fc769a1028 .functor BUFT 1, C4<0>, C4<0>, C4<0>, C4<0>;
v000001fc76953420_0 .net *"_ivl_6", 0 0, L_000001fc769a1028;  1 drivers
v000001fc76953a60_0 .net *"_ivl_7", 4 0, L_000001fc76953ba0;  1 drivers
L_000001fc76953560 .part L_000001fc76953600, 4, 1;
L_000001fc769537e0 .part L_000001fc76953600, 0, 4;
L_000001fc76953c40 .concat [ 4 1 0 0], v000001fc76953740_0, L_000001fc769a1028;
L_000001fc76953ba0 .concat [ 4 1 0 0], v000001fc76953f60_0, L_000001fc769a1070;
L_000001fc76953100 .arith/sum 5, L_000001fc76953c40, L_000001fc76953ba0;
L_000001fc769531a0 .concat [ 1 4 0 0], v000001fc76953060_0, L_000001fc769a10b8;
L_000001fc76953600 .arith/sum 5, L_000001fc76953100, L_000001fc769531a0;
    .scope S_000001fc76955c70;
T_0 ;
    %pushi/vec4 0, 0, 4;
    %assign/vec4 v000001fc76953740_0, 0;
    %pushi/vec4 0, 0, 4;
    %assign/vec4 v000001fc76953f60_0, 0;
    %pushi/vec4 0, 0, 1;
    %assign/vec4 v000001fc76953060_0, 0;
    %vpi_call/w 3 22 "$monitor", "A=0x%h B=0x%h Ci=0x%h Co=0x%h Su=0x%h", v000001fc76953740_0, v000001fc76953f60_0, v000001fc76953060_0, v000001fc76953920_0, v000001fc769534c0_0 {0 0 0};
    %pushi/vec4 0, 0, 32;
    %store/vec4 v000001fc76953ec0_0, 0, 32;
T_0.0 ;
    %load/vec4 v000001fc76953ec0_0;
    %cmpi/s 5, 0, 32;
    %jmp/0xz T_0.1, 5;
    %delay 10, 0;
    %vpi_func 3 25 "$random" 32 {0 0 0};
    %pad/s 4;
    %assign/vec4 v000001fc76953740_0, 0;
    %vpi_func 3 26 "$random" 32 {0 0 0};
    %pad/s 4;
    %assign/vec4 v000001fc76953f60_0, 0;
    %vpi_func 3 27 "$random" 32 {0 0 0};
    %pad/s 1;
    %assign/vec4 v000001fc76953060_0, 0;
    %load/vec4 v000001fc76953ec0_0;
    %addi 1, 0, 32;
    %store/vec4 v000001fc76953ec0_0, 0, 32;
    %jmp T_0.0;
T_0.1 ;
    %end;
    .thread T_0;
    .scope S_000001fc76955c70;
T_1 ;
    %fork t_1, S_000001fc76955e00;
    %jmp t_0;
    .scope S_000001fc76955e00;
t_1 ;
    %vpi_call/w 3 32 "$dumpfile", "Sumador.vcd" {0 0 0};
    %vpi_call/w 3 33 "$dumpvars", 32'sb11111111111111111111111111111111, S_000001fc76955c70 {0 0 0};
    %delay 60, 0;
    %vpi_call/w 3 35 "$finish" {0 0 0};
    %end;
    .scope S_000001fc76955c70;
t_0 %join;
    %end;
    .thread T_1;
# The file index is used to find the file name in the following table.
:file_names 5;
    "N/A";
    "<interactive>";
    "-";
    "Sumador_tb.v";
    "./Sumador.v";
