#! /c/Source/iverilog-install/bin/vvp
:ivl_version "12.0 (devel)" "(s20150603-1110-g18392a46)";
:ivl_delay_selection "TYPICAL";
:vpi_time_precision + 0;
:vpi_module "C:\iverilog\lib\ivl\system.vpi";
:vpi_module "C:\iverilog\lib\ivl\vhdl_sys.vpi";
:vpi_module "C:\iverilog\lib\ivl\vhdl_textio.vpi";
:vpi_module "C:\iverilog\lib\ivl\v2005_math.vpi";
:vpi_module "C:\iverilog\lib\ivl\va_math.vpi";
:vpi_module "C:\iverilog\lib\ivl\v2009.vpi";
S_00000235eda92e30 .scope package, "$unit" "$unit" 2 1;
 .timescale 0 0;
S_00000235eda92fc0 .scope module, "estacionamiento" "estacionamiento" 3 1;
 .timescale 0 0;
    .port_info 0 /INPUT 1 "clk";
    .port_info 1 /INPUT 1 "ech";
    .port_info 2 /OUTPUT 1 "trigger_o";
    .port_info 3 /OUTPUT 1 "led_50cm";
    .port_info 4 /OUTPUT 1 "led_100cm";
    .port_info 5 /OUTPUT 1 "led_200cm";
    .port_info 6 /OUTPUT 1 "buzzer";
P_00000235edaba6b0 .param/l "CLOCK_FREQ" 0 3 12, +C4<00000010111110101111000010000000>;
P_00000235edaba6e8 .param/l "DISTANCE_100CM" 0 3 16, +C4<00000000000000000000000001100100>;
P_00000235edaba720 .param/l "DISTANCE_110CM" 0 3 17, +C4<00000000000000000000000001101110>;
P_00000235edaba758 .param/l "DISTANCE_200CM" 0 3 18, +C4<00000000000000000000000011001000>;
P_00000235edaba790 .param/l "DISTANCE_50CM" 0 3 14, +C4<00000000000000000000000000110010>;
P_00000235edaba7c8 .param/l "DISTANCE_60CM" 0 3 15, +C4<00000000000000000000000000111100>;
P_00000235edaba800 .param/l "SOUND_SPEED" 0 3 13, +C4<00000000000000001000010111111100>;
P_00000235edaba838 .param/l "TIME_100CM" 0 3 23, +C4<000000000000000000000000000000000000000000000000000000000000000000000000000001000111001011011001>;
P_00000235edaba870 .param/l "TIME_110CM" 0 3 24, +C4<000000000000000000000000000000000000000000000000000000000000000000000000000001001110010010111011>;
P_00000235edaba8a8 .param/l "TIME_200CM" 0 3 25, +C4<000000000000000000000000000000000000000000000000000000000000000000000000000010001110010110110010>;
P_00000235edaba8e0 .param/l "TIME_50CM" 0 3 21, +C4<000000000000000000000000000000000000000000000000000000000000000000000000000000100011100101101100>;
P_00000235edaba918 .param/l "TIME_60CM" 0 3 22, +C4<000000000000000000000000000000000000000000000000000000000000000000000000000000101010101101001111>;
v00000235eda933f0_0 .var "buzzer", 0 0;
o00000235edacffd8 .functor BUFZ 1, C4<z>; HiZ drive
v00000235eda93150_0 .net "clk", 0 0, o00000235edacffd8;  0 drivers
v00000235eda791c0_0 .var "delay_count", 31 0;
o00000235edad0038 .functor BUFZ 1, C4<z>; HiZ drive
v00000235edab8f70_0 .net "ech", 0 0, o00000235edad0038;  0 drivers
v00000235edac25e0_0 .var "echo_time", 31 0;
v00000235edac2680_0 .var "led_100cm", 0 0;
v00000235edac2720_0 .var "led_200cm", 0 0;
v00000235edac27c0_0 .var "led_50cm", 0 0;
v00000235edac2860_0 .var "measuring", 0 0;
v00000235edac2900_0 .var "trigger_count", 23 0;
v00000235edac29a0_0 .var "trigger_o", 0 0;
E_00000235edac4a30 .event posedge, v00000235eda93150_0;
    .scope S_00000235eda92fc0;
T_0 ;
    %pushi/vec4 0, 0, 1;
    %assign/vec4 v00000235edac2860_0, 0;
    %pushi/vec4 0, 0, 32;
    %assign/vec4 v00000235edac25e0_0, 0;
    %pushi/vec4 0, 0, 24;
    %assign/vec4 v00000235edac2900_0, 0;
    %pushi/vec4 0, 0, 32;
    %assign/vec4 v00000235eda791c0_0, 0;
    %pushi/vec4 0, 0, 1;
    %assign/vec4 v00000235edac29a0_0, 0;
    %pushi/vec4 0, 0, 1;
    %assign/vec4 v00000235edac27c0_0, 0;
    %pushi/vec4 0, 0, 1;
    %assign/vec4 v00000235edac2680_0, 0;
    %pushi/vec4 0, 0, 1;
    %assign/vec4 v00000235edac2720_0, 0;
    %pushi/vec4 0, 0, 1;
    %assign/vec4 v00000235eda933f0_0, 0;
    %end;
    .thread T_0;
    .scope S_00000235eda92fc0;
T_1 ;
    %wait E_00000235edac4a30;
    %load/vec4 v00000235eda791c0_0;
    %cmpi/e 0, 0, 32;
    %jmp/0xz  T_1.0, 4;
    %load/vec4 v00000235edac2900_0;
    %pad/u 32;
    %cmpi/e 0, 0, 32;
    %jmp/0xz  T_1.2, 4;
    %pushi/vec4 1, 0, 1;
    %assign/vec4 v00000235edac29a0_0, 0;
    %pushi/vec4 500, 0, 24;
    %assign/vec4 v00000235edac2900_0, 0;
    %jmp T_1.3;
T_1.2 ;
    %load/vec4 v00000235edac2900_0;
    %pad/u 32;
    %cmpi/e 1, 0, 32;
    %jmp/0xz  T_1.4, 4;
    %pushi/vec4 0, 0, 1;
    %assign/vec4 v00000235edac29a0_0, 0;
    %pushi/vec4 0, 0, 24;
    %assign/vec4 v00000235edac2900_0, 0;
    %pushi/vec4 3125000, 0, 32;
    %assign/vec4 v00000235eda791c0_0, 0;
    %jmp T_1.5;
T_1.4 ;
    %load/vec4 v00000235edac2900_0;
    %subi 1, 0, 24;
    %assign/vec4 v00000235edac2900_0, 0;
T_1.5 ;
T_1.3 ;
    %jmp T_1.1;
T_1.0 ;
    %load/vec4 v00000235eda791c0_0;
    %subi 1, 0, 32;
    %assign/vec4 v00000235eda791c0_0, 0;
T_1.1 ;
    %jmp T_1;
    .thread T_1;
    .scope S_00000235eda92fc0;
T_2 ;
    %wait E_00000235edac4a30;
    %load/vec4 v00000235edac29a0_0;
    %pad/u 32;
    %pushi/vec4 0, 0, 32;
    %cmp/e;
    %flag_get/vec4 4;
    %load/vec4 v00000235edab8f70_0;
    %pad/u 32;
    %pushi/vec4 1, 0, 32;
    %cmp/e;
    %flag_get/vec4 4;
    %and;
    %load/vec4 v00000235edac2860_0;
    %nor/r;
    %and;
    %flag_set/vec4 8;
    %jmp/0xz  T_2.0, 8;
    %pushi/vec4 1, 0, 1;
    %assign/vec4 v00000235edac2860_0, 0;
    %pushi/vec4 0, 0, 32;
    %assign/vec4 v00000235edac25e0_0, 0;
    %jmp T_2.1;
T_2.0 ;
    %load/vec4 v00000235edac2860_0;
    %flag_set/vec4 8;
    %jmp/0xz  T_2.2, 8;
    %load/vec4 v00000235edab8f70_0;
    %pad/u 32;
    %cmpi/e 0, 0, 32;
    %jmp/0xz  T_2.4, 4;
    %pushi/vec4 0, 0, 1;
    %assign/vec4 v00000235edac2860_0, 0;
    %pushi/vec4 0, 0, 1;
    %assign/vec4 v00000235edac27c0_0, 0;
    %pushi/vec4 0, 0, 1;
    %assign/vec4 v00000235edac2680_0, 0;
    %pushi/vec4 0, 0, 1;
    %assign/vec4 v00000235edac2720_0, 0;
    %pushi/vec4 0, 0, 1;
    %assign/vec4 v00000235eda933f0_0, 0;
    %load/vec4 v00000235edac25e0_0;
    %pad/u 96;
    %cmpi/u 145772, 0, 96;
    %flag_or 5, 4;
    %jmp/0xz  T_2.6, 5;
    %pushi/vec4 1, 0, 1;
    %assign/vec4 v00000235edac27c0_0, 0;
    %pushi/vec4 1, 0, 1;
    %assign/vec4 v00000235eda933f0_0, 0;
    %jmp T_2.7;
T_2.6 ;
    %pushi/vec4 145772, 0, 96;
    %load/vec4 v00000235edac25e0_0;
    %pad/u 96;
    %cmp/u;
    %flag_get/vec4 5;
    %load/vec4 v00000235edac25e0_0;
    %pad/u 96;
    %cmpi/u 291545, 0, 96;
    %flag_get/vec4 5;
    %and;
    %flag_set/vec4 8;
    %jmp/0xz  T_2.8, 8;
    %pushi/vec4 1, 0, 1;
    %assign/vec4 v00000235edac2720_0, 0;
    %jmp T_2.9;
T_2.8 ;
    %load/vec4 v00000235edac25e0_0;
    %pad/u 96;
    %cmpi/u 291545, 0, 96;
    %flag_or 5, 4; GT is !LE
    %flag_inv 5;
    %jmp/0xz  T_2.10, 5;
    %pushi/vec4 1, 0, 1;
    %assign/vec4 v00000235edac2680_0, 0;
T_2.10 ;
T_2.9 ;
T_2.7 ;
    %jmp T_2.5;
T_2.4 ;
    %load/vec4 v00000235edac25e0_0;
    %addi 1, 0, 32;
    %assign/vec4 v00000235edac25e0_0, 0;
T_2.5 ;
T_2.2 ;
T_2.1 ;
    %jmp T_2;
    .thread T_2;
# The file index is used to find the file name in the following table.
:file_names 4;
    "N/A";
    "<interactive>";
    "-";
    "estacionamiento.v";
