#! /c/Source/iverilog-install/bin/vvp
:ivl_version "12.0 (devel)" "(s20150603-1110-g18392a46)";
:ivl_delay_selection "TYPICAL";
:vpi_time_precision - 12;
:vpi_module "C:\iverilog\lib\ivl\system.vpi";
:vpi_module "C:\iverilog\lib\ivl\vhdl_sys.vpi";
:vpi_module "C:\iverilog\lib\ivl\vhdl_textio.vpi";
:vpi_module "C:\iverilog\lib\ivl\v2005_math.vpi";
:vpi_module "C:\iverilog\lib\ivl\va_math.vpi";
:vpi_module "C:\iverilog\lib\ivl\v2009.vpi";
S_0000022c4ed1e600 .scope package, "$unit" "$unit" 2 1;
 .timescale 0 0;
S_0000022c4ec88ee0 .scope module, "estacionamiento_tb" "estacionamiento_tb" 3 3;
 .timescale -9 -12;
v0000022c4ed26830_0 .net "buzzer", 0 0, v0000022c4ece35b0_0;  1 drivers
v0000022c4ed268d0_0 .var "clk", 0 0;
v0000022c4ed26970_0 .var "ech", 0 0;
v0000022c4ed26a10_0 .net "led_100cm", 0 0, v0000022c4ed1e830_0;  1 drivers
v0000022c4ed27820_0 .net "led_200cm", 0 0, v0000022c4ec89200_0;  1 drivers
v0000022c4ed27460_0 .net "led_50cm", 0 0, v0000022c4ec892a0_0;  1 drivers
v0000022c4ed27140_0 .net "trigger_o", 0 0, v0000022c4ece3130_0;  1 drivers
S_0000022c4ec89070 .scope module, "dut" "estacionamiento" 3 15, 4 1 0, S_0000022c4ec88ee0;
 .timescale -9 -12;
    .port_info 0 /INPUT 1 "clk";
    .port_info 1 /INPUT 1 "ech";
    .port_info 2 /OUTPUT 1 "trigger_o";
    .port_info 3 /OUTPUT 1 "led_50cm";
    .port_info 4 /OUTPUT 1 "led_100cm";
    .port_info 5 /OUTPUT 1 "led_200cm";
    .port_info 6 /OUTPUT 1 "buzzer";
P_0000022c4ece2d40 .param/l "CLOCK_FREQ" 0 4 12, +C4<00000010111110101111000010000000>;
P_0000022c4ece2d78 .param/l "DISTANCE_100CM" 0 4 16, +C4<00000000000000000000000001100100>;
P_0000022c4ece2db0 .param/l "DISTANCE_110CM" 0 4 17, +C4<00000000000000000000000001101110>;
P_0000022c4ece2de8 .param/l "DISTANCE_200CM" 0 4 18, +C4<00000000000000000000000011001000>;
P_0000022c4ece2e20 .param/l "DISTANCE_50CM" 0 4 14, +C4<00000000000000000000000000110010>;
P_0000022c4ece2e58 .param/l "DISTANCE_60CM" 0 4 15, +C4<00000000000000000000000000111100>;
P_0000022c4ece2e90 .param/l "SOUND_SPEED" 0 4 13, +C4<00000000000000001000010111111100>;
P_0000022c4ece2ec8 .param/l "TIME_100CM" 0 4 31, +C4<00000000000000000000001110000100>;
P_0000022c4ece2f00 .param/l "TIME_110CM" 0 4 32, +C4<00000000000000000000010010110000>;
P_0000022c4ece2f38 .param/l "TIME_200CM" 0 4 33, +C4<00000000000000000000010111011100>;
P_0000022c4ece2f70 .param/l "TIME_50CM" 0 4 29, +C4<00000000000000000000000001100100>;
P_0000022c4ece2fa8 .param/l "TIME_60CM" 0 4 30, +C4<00000000000000000000000011010010>;
v0000022c4ece35b0_0 .var "buzzer", 0 0;
v0000022c4ece3730_0 .net "clk", 0 0, v0000022c4ed268d0_0;  1 drivers
v0000022c4ed08760_0 .var "delay_count", 31 0;
v0000022c4ed1d4e0_0 .net "ech", 0 0, v0000022c4ed26970_0;  1 drivers
v0000022c4ed1e790_0 .var "echo_time", 31 0;
v0000022c4ed1e830_0 .var "led_100cm", 0 0;
v0000022c4ec89200_0 .var "led_200cm", 0 0;
v0000022c4ec892a0_0 .var "led_50cm", 0 0;
v0000022c4ece2ff0_0 .var "measuring", 0 0;
v0000022c4ece3090_0 .var "trigger_count", 23 0;
v0000022c4ece3130_0 .var "trigger_o", 0 0;
E_0000022c4ed1ac90 .event posedge, v0000022c4ece3730_0;
    .scope S_0000022c4ec89070;
T_0 ;
    %pushi/vec4 0, 0, 1;
    %assign/vec4 v0000022c4ece2ff0_0, 0;
    %pushi/vec4 0, 0, 32;
    %assign/vec4 v0000022c4ed1e790_0, 0;
    %pushi/vec4 0, 0, 24;
    %assign/vec4 v0000022c4ece3090_0, 0;
    %pushi/vec4 0, 0, 32;
    %assign/vec4 v0000022c4ed08760_0, 0;
    %pushi/vec4 0, 0, 1;
    %assign/vec4 v0000022c4ece3130_0, 0;
    %pushi/vec4 0, 0, 1;
    %assign/vec4 v0000022c4ec892a0_0, 0;
    %pushi/vec4 0, 0, 1;
    %assign/vec4 v0000022c4ed1e830_0, 0;
    %pushi/vec4 0, 0, 1;
    %assign/vec4 v0000022c4ec89200_0, 0;
    %pushi/vec4 0, 0, 1;
    %assign/vec4 v0000022c4ece35b0_0, 0;
    %end;
    .thread T_0;
    .scope S_0000022c4ec89070;
T_1 ;
    %wait E_0000022c4ed1ac90;
    %load/vec4 v0000022c4ed08760_0;
    %cmpi/e 0, 0, 32;
    %jmp/0xz  T_1.0, 4;
    %load/vec4 v0000022c4ece3090_0;
    %pad/u 32;
    %cmpi/e 0, 0, 32;
    %jmp/0xz  T_1.2, 4;
    %pushi/vec4 1, 0, 1;
    %assign/vec4 v0000022c4ece3130_0, 0;
    %pushi/vec4 500, 0, 24;
    %assign/vec4 v0000022c4ece3090_0, 0;
    %jmp T_1.3;
T_1.2 ;
    %load/vec4 v0000022c4ece3090_0;
    %pad/u 32;
    %cmpi/e 1, 0, 32;
    %jmp/0xz  T_1.4, 4;
    %pushi/vec4 0, 0, 1;
    %assign/vec4 v0000022c4ece3130_0, 0;
    %pushi/vec4 0, 0, 24;
    %assign/vec4 v0000022c4ece3090_0, 0;
    %pushi/vec4 3125000, 0, 32;
    %assign/vec4 v0000022c4ed08760_0, 0;
    %jmp T_1.5;
T_1.4 ;
    %load/vec4 v0000022c4ece3090_0;
    %subi 1, 0, 24;
    %assign/vec4 v0000022c4ece3090_0, 0;
T_1.5 ;
T_1.3 ;
    %jmp T_1.1;
T_1.0 ;
    %load/vec4 v0000022c4ed08760_0;
    %subi 1, 0, 32;
    %assign/vec4 v0000022c4ed08760_0, 0;
T_1.1 ;
    %jmp T_1;
    .thread T_1;
    .scope S_0000022c4ec89070;
T_2 ;
    %wait E_0000022c4ed1ac90;
    %load/vec4 v0000022c4ece3130_0;
    %pad/u 32;
    %pushi/vec4 0, 0, 32;
    %cmp/e;
    %flag_get/vec4 4;
    %load/vec4 v0000022c4ed1d4e0_0;
    %pad/u 32;
    %pushi/vec4 1, 0, 32;
    %cmp/e;
    %flag_get/vec4 4;
    %and;
    %load/vec4 v0000022c4ece2ff0_0;
    %nor/r;
    %and;
    %flag_set/vec4 8;
    %jmp/0xz  T_2.0, 8;
    %pushi/vec4 1, 0, 1;
    %assign/vec4 v0000022c4ece2ff0_0, 0;
    %pushi/vec4 0, 0, 32;
    %assign/vec4 v0000022c4ed1e790_0, 0;
    %jmp T_2.1;
T_2.0 ;
    %load/vec4 v0000022c4ece2ff0_0;
    %flag_set/vec4 8;
    %jmp/0xz  T_2.2, 8;
    %load/vec4 v0000022c4ed1d4e0_0;
    %pad/u 32;
    %cmpi/e 0, 0, 32;
    %jmp/0xz  T_2.4, 4;
    %pushi/vec4 0, 0, 1;
    %assign/vec4 v0000022c4ece2ff0_0, 0;
    %pushi/vec4 0, 0, 1;
    %assign/vec4 v0000022c4ec892a0_0, 0;
    %pushi/vec4 0, 0, 1;
    %assign/vec4 v0000022c4ed1e830_0, 0;
    %pushi/vec4 0, 0, 1;
    %assign/vec4 v0000022c4ec89200_0, 0;
    %pushi/vec4 0, 0, 1;
    %assign/vec4 v0000022c4ece35b0_0, 0;
    %load/vec4 v0000022c4ed1e790_0;
    %cmpi/u 100, 0, 32;
    %flag_or 5, 4;
    %jmp/0xz  T_2.6, 5;
    %pushi/vec4 1, 0, 1;
    %assign/vec4 v0000022c4ec892a0_0, 0;
    %pushi/vec4 1, 0, 1;
    %assign/vec4 v0000022c4ece35b0_0, 0;
    %jmp T_2.7;
T_2.6 ;
    %pushi/vec4 100, 0, 32;
    %load/vec4 v0000022c4ed1e790_0;
    %cmp/u;
    %flag_get/vec4 5;
    %load/vec4 v0000022c4ed1e790_0;
    %cmpi/u 900, 0, 32;
    %flag_get/vec4 5;
    %and;
    %flag_set/vec4 8;
    %jmp/0xz  T_2.8, 8;
    %pushi/vec4 1, 0, 1;
    %assign/vec4 v0000022c4ed1e830_0, 0;
    %jmp T_2.9;
T_2.8 ;
    %load/vec4 v0000022c4ed1e790_0;
    %cmpi/u 900, 0, 32;
    %flag_or 5, 4; GT is !LE
    %flag_inv 5;
    %jmp/0xz  T_2.10, 5;
    %pushi/vec4 1, 0, 1;
    %assign/vec4 v0000022c4ec89200_0, 0;
T_2.10 ;
T_2.9 ;
T_2.7 ;
    %jmp T_2.5;
T_2.4 ;
    %load/vec4 v0000022c4ed1e790_0;
    %addi 1, 0, 32;
    %assign/vec4 v0000022c4ed1e790_0, 0;
T_2.5 ;
T_2.2 ;
T_2.1 ;
    %jmp T_2;
    .thread T_2;
    .scope S_0000022c4ec88ee0;
T_3 ;
    %delay 10000, 0;
    %load/vec4 v0000022c4ed268d0_0;
    %inv;
    %store/vec4 v0000022c4ed268d0_0, 0, 1;
    %jmp T_3;
    .thread T_3;
    .scope S_0000022c4ec88ee0;
T_4 ;
    %pushi/vec4 0, 0, 1;
    %store/vec4 v0000022c4ed268d0_0, 0, 1;
    %pushi/vec4 0, 0, 1;
    %store/vec4 v0000022c4ed26970_0, 0, 1;
    %delay 10000000, 0;
    %pushi/vec4 1, 0, 1;
    %store/vec4 v0000022c4ed26970_0, 0, 1;
    %delay 1750000, 0;
    %pushi/vec4 0, 0, 1;
    %store/vec4 v0000022c4ed26970_0, 0, 1;
    %delay 500000, 0;
    %delay 10000000, 0;
    %pushi/vec4 1, 0, 1;
    %store/vec4 v0000022c4ed26970_0, 0, 1;
    %delay 4380000, 0;
    %pushi/vec4 0, 0, 1;
    %store/vec4 v0000022c4ed26970_0, 0, 1;
    %delay 500000, 0;
    %delay 10000000, 0;
    %pushi/vec4 1, 0, 1;
    %store/vec4 v0000022c4ed26970_0, 0, 1;
    %delay 19770000, 0;
    %pushi/vec4 0, 0, 1;
    %store/vec4 v0000022c4ed26970_0, 0, 1;
    %delay 5000000, 0;
    %vpi_call/w 3 69 "$finish" {0 0 0};
    %end;
    .thread T_4;
    .scope S_0000022c4ec88ee0;
T_5 ;
    %vpi_call/w 3 74 "$dumpfile", "estacionamiento_tb.vcd" {0 0 0};
    %vpi_call/w 3 75 "$dumpvars", 32'sb00000000000000000000000000000000, S_0000022c4ec88ee0 {0 0 0};
    %end;
    .thread T_5;
# The file index is used to find the file name in the following table.
:file_names 5;
    "N/A";
    "<interactive>";
    "-";
    "estacionamiento_tb.v";
    "./estacionamiento.v";
