#! /c/Source/iverilog-install/bin/vvp
:ivl_version "12.0 (devel)" "(s20150603-1110-g18392a46)";
:ivl_delay_selection "TYPICAL";
:vpi_time_precision - 12;
:vpi_module "C:\iverilog\lib\ivl\system.vpi";
:vpi_module "C:\iverilog\lib\ivl\vhdl_sys.vpi";
:vpi_module "C:\iverilog\lib\ivl\vhdl_textio.vpi";
:vpi_module "C:\iverilog\lib\ivl\v2005_math.vpi";
:vpi_module "C:\iverilog\lib\ivl\va_math.vpi";
:vpi_module "C:\iverilog\lib\ivl\v2009.vpi";
S_00000217ac2be180 .scope package, "$unit" "$unit" 2 1;
 .timescale 0 0;
S_00000217ac2be310 .scope module, "seg7_tb" "seg7_tb" 3 4;
 .timescale -12 -12;
v00000217ac2d2e30_0 .var "BCD_tb", 3 0;
v00000217ac2d2ed0_0 .net "SSeg_tb", 6 0, v00000217ac2bb440_0;  1 drivers
S_00000217ac2be4a0 .scope begin, "TEST_CASE" "TEST_CASE" 3 37, 3 37 0, S_00000217ac2be310;
 .timescale -12 -12;
S_00000217ac2d2ca0 .scope module, "uut" "seg7" 3 9, 4 1 0, S_00000217ac2be310;
 .timescale 0 0;
    .port_info 0 /INPUT 4 "BCD";
    .port_info 1 /OUTPUT 7 "SSeg";
    .port_info 2 /OUTPUT 4 "an";
v00000217ac2bb3a0_0 .net "BCD", 3 0, v00000217ac2d2e30_0;  1 drivers
v00000217ac2bb440_0 .var "SSeg", 0 6;
L_00000217ac354fe8 .functor BUFT 1, C4<1110>, C4<0>, C4<0>, C4<0>;
v00000217ac2bc290_0 .net "an", 3 0, L_00000217ac354fe8;  1 drivers
E_00000217ac30a080 .event anyedge, v00000217ac2bb3a0_0;
    .scope S_00000217ac2d2ca0;
T_0 ;
    %wait E_00000217ac30a080;
    %load/vec4 v00000217ac2bb3a0_0;
    %dup/vec4;
    %pushi/vec4 0, 0, 4;
    %cmp/u;
    %jmp/1 T_0.0, 6;
    %dup/vec4;
    %pushi/vec4 1, 0, 4;
    %cmp/u;
    %jmp/1 T_0.1, 6;
    %dup/vec4;
    %pushi/vec4 2, 0, 4;
    %cmp/u;
    %jmp/1 T_0.2, 6;
    %dup/vec4;
    %pushi/vec4 3, 0, 4;
    %cmp/u;
    %jmp/1 T_0.3, 6;
    %dup/vec4;
    %pushi/vec4 4, 0, 4;
    %cmp/u;
    %jmp/1 T_0.4, 6;
    %dup/vec4;
    %pushi/vec4 5, 0, 4;
    %cmp/u;
    %jmp/1 T_0.5, 6;
    %dup/vec4;
    %pushi/vec4 6, 0, 4;
    %cmp/u;
    %jmp/1 T_0.6, 6;
    %dup/vec4;
    %pushi/vec4 7, 0, 4;
    %cmp/u;
    %jmp/1 T_0.7, 6;
    %dup/vec4;
    %pushi/vec4 8, 0, 4;
    %cmp/u;
    %jmp/1 T_0.8, 6;
    %dup/vec4;
    %pushi/vec4 9, 0, 4;
    %cmp/u;
    %jmp/1 T_0.9, 6;
    %pushi/vec4 0, 0, 7;
    %store/vec4 v00000217ac2bb440_0, 0, 7;
    %jmp T_0.11;
T_0.0 ;
    %pushi/vec4 1, 0, 7;
    %store/vec4 v00000217ac2bb440_0, 0, 7;
    %jmp T_0.11;
T_0.1 ;
    %pushi/vec4 79, 0, 7;
    %store/vec4 v00000217ac2bb440_0, 0, 7;
    %jmp T_0.11;
T_0.2 ;
    %pushi/vec4 18, 0, 7;
    %store/vec4 v00000217ac2bb440_0, 0, 7;
    %jmp T_0.11;
T_0.3 ;
    %pushi/vec4 6, 0, 7;
    %store/vec4 v00000217ac2bb440_0, 0, 7;
    %jmp T_0.11;
T_0.4 ;
    %pushi/vec4 76, 0, 7;
    %store/vec4 v00000217ac2bb440_0, 0, 7;
    %jmp T_0.11;
T_0.5 ;
    %pushi/vec4 36, 0, 7;
    %store/vec4 v00000217ac2bb440_0, 0, 7;
    %jmp T_0.11;
T_0.6 ;
    %pushi/vec4 32, 0, 7;
    %store/vec4 v00000217ac2bb440_0, 0, 7;
    %jmp T_0.11;
T_0.7 ;
    %pushi/vec4 15, 0, 7;
    %store/vec4 v00000217ac2bb440_0, 0, 7;
    %jmp T_0.11;
T_0.8 ;
    %pushi/vec4 0, 0, 7;
    %store/vec4 v00000217ac2bb440_0, 0, 7;
    %jmp T_0.11;
T_0.9 ;
    %pushi/vec4 4, 0, 7;
    %store/vec4 v00000217ac2bb440_0, 0, 7;
    %jmp T_0.11;
T_0.11 ;
    %pop/vec4 1;
    %jmp T_0;
    .thread T_0, $push;
    .scope S_00000217ac2be310;
T_1 ;
    %pushi/vec4 0, 0, 4;
    %store/vec4 v00000217ac2d2e30_0, 0, 4;
    %delay 100, 0;
    %pushi/vec4 1, 0, 4;
    %store/vec4 v00000217ac2d2e30_0, 0, 4;
    %delay 100, 0;
    %pushi/vec4 2, 0, 4;
    %store/vec4 v00000217ac2d2e30_0, 0, 4;
    %delay 100, 0;
    %pushi/vec4 3, 0, 4;
    %store/vec4 v00000217ac2d2e30_0, 0, 4;
    %delay 100, 0;
    %pushi/vec4 4, 0, 4;
    %store/vec4 v00000217ac2d2e30_0, 0, 4;
    %delay 100, 0;
    %pushi/vec4 5, 0, 4;
    %store/vec4 v00000217ac2d2e30_0, 0, 4;
    %delay 100, 0;
    %pushi/vec4 6, 0, 4;
    %store/vec4 v00000217ac2d2e30_0, 0, 4;
    %delay 100, 0;
    %pushi/vec4 7, 0, 4;
    %store/vec4 v00000217ac2d2e30_0, 0, 4;
    %delay 100, 0;
    %pushi/vec4 8, 0, 4;
    %store/vec4 v00000217ac2d2e30_0, 0, 4;
    %delay 100, 0;
    %pushi/vec4 9, 0, 4;
    %store/vec4 v00000217ac2d2e30_0, 0, 4;
    %delay 100, 0;
    %end;
    .thread T_1;
    .scope S_00000217ac2be310;
T_2 ;
    %fork t_1, S_00000217ac2be4a0;
    %jmp t_0;
    .scope S_00000217ac2be4a0;
t_1 ;
    %vpi_call/w 3 38 "$dumpfile", "seg7_tb.vcd" {0 0 0};
    %vpi_call/w 3 39 "$dumpvars", 32'sb11111111111111111111111111111111, S_00000217ac2d2ca0 {0 0 0};
    %delay 1000, 0;
    %vpi_call/w 3 41 "$finish" {0 0 0};
    %end;
    .scope S_00000217ac2be310;
t_0 %join;
    %end;
    .thread T_2;
# The file index is used to find the file name in the following table.
:file_names 5;
    "N/A";
    "<interactive>";
    "-";
    "seg7_tb.v";
    "./seg7.v";
