#! /usr/bin/vvp
:ivl_version "11.0 (stable)";
:ivl_delay_selection "TYPICAL";
:vpi_time_precision + 0;
:vpi_module "/usr/lib/x86_64-linux-gnu/ivl/system.vpi";
:vpi_module "/usr/lib/x86_64-linux-gnu/ivl/vhdl_sys.vpi";
:vpi_module "/usr/lib/x86_64-linux-gnu/ivl/vhdl_textio.vpi";
:vpi_module "/usr/lib/x86_64-linux-gnu/ivl/v2005_math.vpi";
:vpi_module "/usr/lib/x86_64-linux-gnu/ivl/va_math.vpi";
S_0x562a812cbd90 .scope module, "compuertas" "compuertas" 2 3;
 .timescale 0 0;
    .port_info 0 /INPUT 1 "A";
    .port_info 1 /INPUT 1 "B";
    .port_info 2 /INPUT 1 "C";
    .port_info 3 /OUTPUT 1 "S1";
    .port_info 4 /OUTPUT 1 "S2";
o0x7fd2385cf018 .functor BUFZ 1, C4<z>; HiZ drive
o0x7fd2385cf048 .functor BUFZ 1, C4<z>; HiZ drive
L_0x562a81312fe0 .functor AND 1, o0x7fd2385cf018, o0x7fd2385cf048, C4<1>, C4<1>;
o0x7fd2385cf078 .functor BUFZ 1, C4<z>; HiZ drive
L_0x562a813130d0 .functor NOT 1, o0x7fd2385cf078, C4<0>, C4<0>, C4<0>;
v0x562a812cbfa0_0 .net "A", 0 0, o0x7fd2385cf018;  0 drivers
v0x562a81312be0_0 .net "B", 0 0, o0x7fd2385cf048;  0 drivers
v0x562a81312ca0_0 .net "C", 0 0, o0x7fd2385cf078;  0 drivers
v0x562a81312d70_0 .net "S1", 0 0, L_0x562a81312fe0;  1 drivers
v0x562a81312e30_0 .net "S2", 0 0, L_0x562a813130d0;  1 drivers
# The file index is used to find the file name in the following table.
:file_names 3;
    "N/A";
    "<interactive>";
    "Laboratorio001/src/compuertas.v";
